2025-09-22 11:13:18,152-INFO-Data loaded Successfull :(150002, 18)
2025-09-22 11:13:18,230-INFO-Data loaded Successfull :NPA Status                                  0
RevolvingUtilizationOfUnsecuredLines        0
age                                         0
Gender                                      0
Region                                      0
MonthlyIncome                           29731
Rented_OwnHouse                             0
Occupation                                  0
Education                                   0
NumberOfTime30-59DaysPastDueNotWorse        0
DebtRatio                                   0
NumberOfOpenCreditLinesAndLoans             0
NumberOfTimes90DaysLate                     0
NumberRealEstateLoansOrLines                0
NumberOfTime60-89DaysPastDueNotWorse        0
NumberOfDependents                       3924
Good_Bad                                    0
dtype: int64
2025-09-22 11:13:18,273-INFO-Data loaded Successfull :(120000, 120000)
2025-09-22 11:13:18,371-INFO-NPA Status                              0
RevolvingUtilizationOfUnsecuredLines    0
age                                     0
Gender                                  0
Region                                  0
Rented_OwnHouse                         0
Occupation                              0
Education                               0
NumberOfTime30-59DaysPastDueNotWorse    0
DebtRatio                               0
NumberOfOpenCreditLinesAndLoans         0
NumberOfTimes90DaysLate                 0
NumberRealEstateLoansOrLines            0
NumberOfTime60-89DaysPastDueNotWorse    0
MonthlyIncome_replaced                  0
NumberOfDependents_replaced             0
dtype: int64
2025-09-22 11:13:18,376-INFO-NPA Status                              0
RevolvingUtilizationOfUnsecuredLines    0
age                                     0
Gender                                  0
Region                                  0
Rented_OwnHouse                         0
Occupation                              0
Education                               0
NumberOfTime30-59DaysPastDueNotWorse    0
DebtRatio                               0
NumberOfOpenCreditLinesAndLoans         0
NumberOfTimes90DaysLate                 0
NumberRealEstateLoansOrLines            0
NumberOfTime60-89DaysPastDueNotWorse    0
MonthlyIncome_replaced                  0
NumberOfDependents_replaced             0
dtype: int64
2025-09-22 11:13:18,395-INFO-Numirical columns are :Index(['NPA Status', 'RevolvingUtilizationOfUnsecuredLines', 'age',
       'NumberOfTime30-59DaysPastDueNotWorse', 'DebtRatio',
       'NumberOfOpenCreditLinesAndLoans', 'NumberOfTimes90DaysLate',
       'NumberRealEstateLoansOrLines', 'NumberOfTime60-89DaysPastDueNotWorse',
       'MonthlyIncome_replaced', 'NumberOfDependents_replaced'],
      dtype='object')
2025-09-22 11:13:18,395-INFO-Caterigerical Columns are : Index(['Gender', 'Region', 'Rented_OwnHouse', 'Occupation', 'Education'], dtype='object')
2025-09-22 11:13:18,428-INFO-Tranformation completed Successfully : Index(['NPA Status_log', 'RevolvingUtilizationOfUnsecuredLines_log', 'age_log',
       'NumberOfTime30-59DaysPastDueNotWorse_log', 'DebtRatio_log',
       'NumberOfOpenCreditLinesAndLoans_log', 'NumberOfTimes90DaysLate_log',
       'NumberRealEstateLoansOrLines_log',
       'NumberOfTime60-89DaysPastDueNotWorse_log',
       'MonthlyIncome_replaced_log', 'NumberOfDependents_replaced_log'],
      dtype='object')
2025-09-22 11:13:18,477-INFO-Trimming  completed Successfully : Index(['NPA Status_log_trim', 'RevolvingUtilizationOfUnsecuredLines_log_trim',
       'age_log_trim', 'NumberOfTime30-59DaysPastDueNotWorse_log_trim',
       'DebtRatio_log_trim', 'NumberOfOpenCreditLinesAndLoans_log_trim',
       'NumberOfTimes90DaysLate_log_trim',
       'NumberRealEstateLoansOrLines_log_trim',
       'NumberOfTime60-89DaysPastDueNotWorse_log_trim',
       'MonthlyIncome_replaced_log_trim',
       'NumberOfDependents_replaced_log_trim'],
      dtype='object')
2025-09-22 11:13:18,583-INFO-Categorical Columns:
2025-09-22 11:13:18,583-INFO-Train Categorical Columns : Index(['Gender', 'Region', 'Rented_OwnHouse', 'Occupation', 'Education'], dtype='object')
2025-09-22 11:13:18,583-INFO-Test categorical Columns : Index(['Gender', 'Region', 'Rented_OwnHouse', 'Occupation', 'Education'], dtype='object')
2025-09-22 11:13:18,596-INFO-[array(['Female', 'Male'], dtype=object), array(['Central', 'East', 'North', 'South', 'West'], dtype=object)]
2025-09-22 11:13:18,596-INFO-['Gender_Male' 'Region_East' 'Region_North' 'Region_South' 'Region_West']
2025-09-22 11:13:18,683-INFO-Gender             0
Region             0
Rented_OwnHouse    0
Occupation         0
Education          0
Gender_Male        0
Region_East        0
Region_North       0
Region_South       0
Region_West        0
dtype: int64
2025-09-22 11:13:18,690-INFO-Gender             0
Region             0
Rented_OwnHouse    0
Occupation         0
Education          0
Gender_Male        0
Region_East        0
Region_North       0
Region_South       0
Region_West        0
dtype: int64
2025-09-22 11:13:18,708-INFO-Sample Training Data : Index(['Gender', 'Region', 'Rented_OwnHouse', 'Occupation', 'Education',
       'Gender_Male', 'Region_East', 'Region_North', 'Region_South',
       'Region_West'],
      dtype='object')-------->       Gender   Region Rented_OwnHouse   Occupation     Education  Gender_Male  Region_East  Region_North  Region_South  Region_West
94278    Male     West        Ownhouse     Officer2  Professional          1.0          0.0           0.0           0.0          1.0
37203  Female  Central          Rented     Officer3     Post-Grad          0.0          0.0           0.0           0.0          0.0
39516    Male     West          Rented     Self_Emp  Professional          1.0          0.0           0.0           0.0          1.0
7660   Female    North        Ownhouse  Non-officer      Graduate          0.0          0.0           1.0           0.0          0.0
97459    Male    North        Ownhouse     Self_Emp      Graduate          1.0          0.0           1.0           0.0          0.0
2025-09-22 11:13:18,717-INFO-Sample Test Data : Index(['Gender', 'Region', 'Rented_OwnHouse', 'Occupation', 'Education',
       'Gender_Male', 'Region_East', 'Region_North', 'Region_South',
       'Region_West'],
      dtype='object')-------->       Gender   Region Rented_OwnHouse Occupation     Education  Gender_Male  Region_East  Region_North  Region_South  Region_West
28987  Female     East          Rented   Self_Emp     Post-Grad          0.0          1.0           0.0           0.0          0.0
11188  Female  Central          Rented   Self_Emp  Professional          0.0          0.0           0.0           0.0          0.0
17099    Male     West        Ownhouse   Officer1  Professional          1.0          0.0           0.0           0.0          1.0
11283    Male    North        Ownhouse   Officer3     Post-Grad          1.0          0.0           1.0           0.0          0.0
15721    Male    South        Ownhouse   Officer2  Professional          1.0          0.0           0.0           1.0          0.0
2025-09-22 11:13:18,718-INFO-before applying Ordinal encoder training Occupation: 0       Self_Emp
1       Self_Emp
2    Non-officer
3    Non-officer
4    Non-officer
5       Self_Emp
6    Non-officer
7       Self_Emp
8       Self_Emp
9       Officer2
Name: Occupation, dtype: object
2025-09-22 11:13:18,718-INFO-before applying Ordinal encoder training Education: 0        Graduate
1          Matric
2    Professional
3    Professional
4        Graduate
5          Matric
6    Professional
7       Post-Grad
8        Graduate
9    Professional
Name: Education, dtype: object
2025-09-22 11:13:18,720-INFO-after applying Ordinal encoder training Region : 0    0.0
Name: Region_East, dtype: float64--0    1.0
Name: Region_West, dtype: float64---0    0.0
Name: Region_North, dtype: float64 - ---0    0.0
Name: Region_South, dtype: float64
2025-09-22 11:13:18,720-INFO-before applyiing 
2025-09-22 11:13:18,732-INFO-[array(['Ownhouse', 'Rented'], dtype=object), array(['Non-officer', 'Officer1', 'Officer2', 'Officer3', 'Self_Emp'],
      dtype=object), array(['Graduate', 'Matric', 'PhD', 'Post-Grad', 'Professional'],
      dtype=object)]
2025-09-22 11:13:18,732-INFO-['Rented_OwnHouse' 'Occupation' 'Education']
2025-09-22 11:13:18,790-INFO-Gender_Male             0
Region_East             0
Region_North            0
Region_South            0
Region_West             0
Rented_OwnHouse_conv    0
Occupation_conv         0
Education_conv          0
dtype: int64
2025-09-22 11:13:18,790-INFO-Gender_Male             0
Region_East             0
Region_North            0
Region_South            0
Region_West             0
Rented_OwnHouse_conv    0
Occupation_conv         0
Education_conv          0
dtype: int64
2025-09-22 11:13:18,791-INFO-after applying Ordinal encoder training Occupation : 0    4.0
1    4.0
2    0.0
3    0.0
4    0.0
5    4.0
6    0.0
7    4.0
8    4.0
9    2.0
Name: Occupation_conv, dtype: float64
2025-09-22 11:13:18,792-INFO-after applying Ordinal encoder training Education  : 0    0.0
1    1.0
2    4.0
3    4.0
4    0.0
5    1.0
6    4.0
7    3.0
8    0.0
9    4.0
Name: Education_conv, dtype: float64
2025-09-22 11:13:18,793-INFO-after applying Ordinal encoder training Region : 0    0.0
Name: Region_East, dtype: float64--0    1.0
Name: Region_West, dtype: float64---0    0.0
Name: Region_North, dtype: float64----0    0.0
Name: Region_South, dtype: float64
2025-09-22 11:13:18,799-INFO-Sample Training Data : Index(['Gender_Male', 'Region_East', 'Region_North', 'Region_South',
       'Region_West', 'Rented_OwnHouse_conv', 'Occupation_conv',
       'Education_conv'],
      dtype='object')-------->        Gender_Male  Region_East  Region_North  Region_South  Region_West  Rented_OwnHouse_conv  Occupation_conv  Education_conv
73782           1.0          0.0           0.0           1.0          0.0                   0.0              4.0             1.0
100448          0.0          0.0           0.0           0.0          1.0                   0.0              3.0             3.0
4986            1.0          0.0           0.0           1.0          0.0                   0.0              4.0             1.0
79213           1.0          0.0           1.0           0.0          0.0                   1.0              0.0             0.0
41923           1.0          0.0           0.0           0.0          0.0                   1.0              4.0             0.0
2025-09-22 11:13:18,805-INFO-Sample Test Data : Index(['Gender_Male', 'Region_East', 'Region_North', 'Region_South',
       'Region_West', 'Rented_OwnHouse_conv', 'Occupation_conv',
       'Education_conv'],
      dtype='object')-------->       Gender_Male  Region_East  Region_North  Region_South  Region_West  Rented_OwnHouse_conv  Occupation_conv  Education_conv
1027           0.0          0.0           1.0           0.0          0.0                   0.0              4.0             3.0
29370          1.0          0.0           0.0           0.0          0.0                   0.0              0.0             0.0
9926           0.0          0.0           1.0           0.0          0.0                   1.0              0.0             0.0
15727          1.0          0.0           1.0           0.0          0.0                   1.0              0.0             0.0
4943           1.0          0.0           0.0           1.0          0.0                   0.0              4.0             4.0
2025-09-22 11:13:18,809-INFO-y_train_data : ['Good' 'Bad']
2025-09-22 11:13:18,812-INFO-y_train_data : 0
2025-09-22 11:13:18,814-INFO-y_test_data : ['Good' 'Bad']
2025-09-22 11:13:18,815-INFO-y_test_data : 0
2025-09-22 11:13:18,817-INFO-104025    Good
5415      Good
75612     Good
138169    Good
87184     Good
108083    Good
138046     Bad
17518     Good
93438     Good
149607    Good
Name: Good_Bad, dtype: object
2025-09-22 11:13:18,839-INFO-detailed : ['Bad' 'Good'] 
2025-09-22 11:13:18,839-INFO-[1 1 1 1 1 1 0 1 1 1]
2025-09-22 11:13:18,839-INFO-y_train_data : (120000,)
2025-09-22 11:13:18,839-INFO-y_test_data : (30000,)
2025-09-22 11:13:18,861-INFO-Training data : Index(['NumberOfOpenCreditLinesAndLoans_log_trim',
       'NumberRealEstateLoansOrLines_log_trim',
       'MonthlyIncome_replaced_log_trim',
       'NumberOfDependents_replaced_log_trim', 'Gender_Male', 'Region_East',
       'Region_North', 'Region_South', 'Region_West', 'Rented_OwnHouse_conv',
       'Occupation_conv', 'Education_conv'],
      dtype='object')
2025-09-22 11:13:18,862-INFO-Testing data : Index(['NumberOfOpenCreditLinesAndLoans_log_trim',
       'NumberRealEstateLoansOrLines_log_trim',
       'MonthlyIncome_replaced_log_trim',
       'NumberOfDependents_replaced_log_trim', 'Gender_Male', 'Region_East',
       'Region_North', 'Region_South', 'Region_West', 'Rented_OwnHouse_conv',
       'Occupation_conv', 'Education_conv'],
      dtype='object')
2025-09-22 11:13:18,862-INFO---------------------Before Balancing-------------------------
2025-09-22 11:13:18,872-INFO-Number of Good category for total training data 120000 is : 111930
2025-09-22 11:13:18,879-INFO-Number of Bad category for total training data 120000 is : 8070
2025-09-22 11:13:19,102-INFO---------------------After Balancing-------------------------
2025-09-22 11:13:19,122-INFO-Number of Good category for total training data 223860 is : 111930
2025-09-22 11:13:19,138-INFO-Number of Bad category for total training data 223860 is : 111930
2025-09-22 11:13:19,138-INFO----------------Before Scaling------------
2025-09-22 11:13:19,138-INFO-Shape is : (223860, 12)--------Index(['NumberOfOpenCreditLinesAndLoans_log_trim',
       'NumberRealEstateLoansOrLines_log_trim',
       'MonthlyIncome_replaced_log_trim',
       'NumberOfDependents_replaced_log_trim', 'Gender_Male', 'Region_East',
       'Region_North', 'Region_South', 'Region_West', 'Rented_OwnHouse_conv',
       'Occupation_conv', 'Education_conv'],
      dtype='object')
2025-09-22 11:13:19,138-INFO-   NumberOfOpenCreditLinesAndLoans_log_trim  NumberRealEstateLoansOrLines_log_trim  MonthlyIncome_replaced_log_trim  ...  Rented_OwnHouse_conv  Occupation_conv  Education_conv
0                                  1.609438                               0.000000                         7.824446  ...                   0.0              4.0             0.0
1                                  2.484907                               0.693147                         7.514255  ...                   0.0              4.0             1.0
2                                  1.945910                               0.000000                         8.556606  ...                   1.0              0.0             4.0
3                                  1.098612                               0.000000                         9.105091  ...                   0.0              0.0             4.0

[4 rows x 12 columns]
2025-09-22 11:13:19,194-INFO-------------After Scaling-------------------------
2025-09-22 11:13:19,194-INFO-[[-0.73406417 -1.06976396 -0.98519184 ... -0.87051224  0.98638078
  -1.37968452]
 [ 0.72894211  0.29148928 -1.44906441 ... -0.87051224  0.98638078
  -0.75101937]
 [-0.17178139 -1.06976396  0.10971018 ...  1.15289031 -1.35829018
   1.13497608]
 ...
 [-2.16687425 -1.06976396  0.35852137 ... -0.87051224  0.98638078
  -0.75101937]
 [-2.16687425 -1.06976396 -1.41792807 ... -0.87051224  0.98638078
  -0.75101937]
 [ 1.31801354  2.97252143  1.73759055 ...  1.15289031  0.98638078
   0.50631093]]
2025-09-22 11:13:19,194-INFO-[[-2.16687425 -1.06976396  0.87924442 ...  1.15289031  0.98638078
   1.13497608]
 [ 0.42426237  0.29148928  0.70634745 ...  1.15289031  0.40021304
   0.50631093]
 [-0.17178139  1.08777138  0.32367062 ...  1.15289031 -0.77212244
   0.50631093]
 ...
 [ 1.20969106  1.08777138  1.2299973  ...  1.15289031  0.98638078
  -1.37968452]
 [ 1.10183996  1.08777138  1.13167927 ...  1.15289031 -0.77212244
   1.13497608]
 [ 0.05136451  1.08777138  0.65731865 ...  1.15289031  0.40021304
   0.50631093]]
2025-09-22 11:13:19,195-INFO-Index(['NumberOfOpenCreditLinesAndLoans_log_trim',
       'NumberRealEstateLoansOrLines_log_trim',
       'MonthlyIncome_replaced_log_trim',
       'NumberOfDependents_replaced_log_trim', 'Gender_Male', 'Region_East',
       'Region_North', 'Region_South', 'Region_West', 'Rented_OwnHouse_conv',
       'Occupation_conv', 'Education_conv'],
      dtype='object')
2025-09-22 11:13:55,483-INFO-Accuracy Score is : 0.9201666666666667
2025-09-22 11:13:55,490-INFO-Confusion Matxis  is :
 [[   15  1941]
 [  454 27590]]
2025-09-22 11:13:55,511-INFO-Classification Report  is : 
              precision    recall  f1-score   support

           0       0.03      0.01      0.01      1956
           1       0.93      0.98      0.96     28044

    accuracy                           0.92     30000
   macro avg       0.48      0.50      0.49     30000
weighted avg       0.88      0.92      0.90     30000

