2025-09-22 11:13:19,967-INFO--------------------KNN Algorithm-------------------
2025-09-22 11:13:26,513-INFO-0.8296333333333333
2025-09-22 11:13:33,670-INFO-[[ 1075   881]
 [ 4230 23814]]
2025-09-22 11:13:47,646-INFO-              precision    recall  f1-score   support

           0       0.20      0.55      0.30      1956
           1       0.96      0.85      0.90     28044

    accuracy                           0.83     30000
   macro avg       0.58      0.70      0.60     30000
weighted avg       0.91      0.83      0.86     30000

2025-09-22 11:13:47,802-INFO--------------------Logistic Regression -------------------
2025-09-22 11:13:47,805-INFO-0.6695333333333333
2025-09-22 11:13:47,807-INFO-[[ 1559   397]
 [ 9517 18527]]
2025-09-22 11:13:47,819-INFO-              precision    recall  f1-score   support

           0       0.14      0.80      0.24      1956
           1       0.98      0.66      0.79     28044

    accuracy                           0.67     30000
   macro avg       0.56      0.73      0.51     30000
weighted avg       0.92      0.67      0.75     30000

2025-09-22 11:13:47,886-INFO--------------------Naive Bayes Algorithm-------------------
2025-09-22 11:13:47,897-INFO-0.702
2025-09-22 11:13:47,909-INFO-[[ 1399   557]
 [ 8383 19661]]
2025-09-22 11:13:47,940-INFO-              precision    recall  f1-score   support

           0       0.14      0.72      0.24      1956
           1       0.97      0.70      0.81     28044

    accuracy                           0.70     30000
   macro avg       0.56      0.71      0.53     30000
weighted avg       0.92      0.70      0.78     30000

2025-09-22 11:13:49,205-INFO--------------------Decision Tree Algorithm-------------------
2025-09-22 11:13:49,225-INFO-0.8935333333333333
2025-09-22 11:13:49,235-INFO-[[  790  1166]
 [ 2028 26016]]
2025-09-22 11:13:49,267-INFO-              precision    recall  f1-score   support

           0       0.28      0.40      0.33      1956
           1       0.96      0.93      0.94     28044

    accuracy                           0.89     30000
   macro avg       0.62      0.67      0.64     30000
weighted avg       0.91      0.89      0.90     30000

2025-09-22 11:13:51,113-INFO--------------------Random Forest Algorithm-------------------
2025-09-22 11:13:51,182-INFO-0.902
2025-09-22 11:13:51,230-INFO-[[  799  1157]
 [ 1783 26261]]
2025-09-22 11:13:51,326-INFO-              precision    recall  f1-score   support

           0       0.31      0.41      0.35      1956
           1       0.96      0.94      0.95     28044

    accuracy                           0.90     30000
   macro avg       0.63      0.67      0.65     30000
weighted avg       0.92      0.90      0.91     30000

2025-09-22 11:13:51,328-INFO-AUC - ROC Curve For All Models:
