2025-09-22 11:13:18,417-INFO-Transformation Successfully completed : Index(['NPA Status', 'RevolvingUtilizationOfUnsecuredLines', 'age',
       'NumberOfTime30-59DaysPastDueNotWorse', 'DebtRatio',
       'NumberOfOpenCreditLinesAndLoans', 'NumberOfTimes90DaysLate',
       'NumberRealEstateLoansOrLines', 'NumberOfTime60-89DaysPastDueNotWorse',
       'MonthlyIncome_replaced', 'NumberOfDependents_replaced',
       'NPA Status_log', 'RevolvingUtilizationOfUnsecuredLines_log', 'age_log',
       'NumberOfTime30-59DaysPastDueNotWorse_log', 'DebtRatio_log',
       'NumberOfOpenCreditLinesAndLoans_log', 'NumberOfTimes90DaysLate_log',
       'NumberRealEstateLoansOrLines_log',
       'NumberOfTime60-89DaysPastDueNotWorse_log',
       'MonthlyIncome_replaced_log', 'NumberOfDependents_replaced_log'],
      dtype='object')
2025-09-22 11:13:18,417-INFO-Tranformation Successfully Completed : Index(['NPA Status', 'RevolvingUtilizationOfUnsecuredLines', 'age',
       'NumberOfTime30-59DaysPastDueNotWorse', 'DebtRatio',
       'NumberOfOpenCreditLinesAndLoans', 'NumberOfTimes90DaysLate',
       'NumberRealEstateLoansOrLines', 'NumberOfTime60-89DaysPastDueNotWorse',
       'MonthlyIncome_replaced', 'NumberOfDependents_replaced',
       'NPA Status_log', 'RevolvingUtilizationOfUnsecuredLines_log', 'age_log',
       'NumberOfTime30-59DaysPastDueNotWorse_log', 'DebtRatio_log',
       'NumberOfOpenCreditLinesAndLoans_log', 'NumberOfTimes90DaysLate_log',
       'NumberRealEstateLoansOrLines_log',
       'NumberOfTime60-89DaysPastDueNotWorse_log',
       'MonthlyIncome_replaced_log', 'NumberOfDependents_replaced_log'],
      dtype='object')
2025-09-22 11:13:18,426-INFO-After tranformation : Index(['NPA Status_log', 'RevolvingUtilizationOfUnsecuredLines_log', 'age_log',
       'NumberOfTime30-59DaysPastDueNotWorse_log', 'DebtRatio_log',
       'NumberOfOpenCreditLinesAndLoans_log', 'NumberOfTimes90DaysLate_log',
       'NumberRealEstateLoansOrLines_log',
       'NumberOfTime60-89DaysPastDueNotWorse_log',
       'MonthlyIncome_replaced_log', 'NumberOfDependents_replaced_log'],
      dtype='object')
2025-09-22 11:13:18,426-INFO-After Transformation : Index(['NPA Status_log', 'RevolvingUtilizationOfUnsecuredLines_log', 'age_log',
       'NumberOfTime30-59DaysPastDueNotWorse_log', 'DebtRatio_log',
       'NumberOfOpenCreditLinesAndLoans_log', 'NumberOfTimes90DaysLate_log',
       'NumberRealEstateLoansOrLines_log',
       'NumberOfTime60-89DaysPastDueNotWorse_log',
       'MonthlyIncome_replaced_log', 'NumberOfDependents_replaced_log'],
      dtype='object')
