2025-09-22 11:13:18,468-INFO-After Successfull trimming : Index(['NPA Status_log', 'RevolvingUtilizationOfUnsecuredLines_log', 'age_log',
       'NumberOfTime30-59DaysPastDueNotWorse_log', 'DebtRatio_log',
       'NumberOfOpenCreditLinesAndLoans_log', 'NumberOfTimes90DaysLate_log',
       'NumberRealEstateLoansOrLines_log',
       'NumberOfTime60-89DaysPastDueNotWorse_log',
       'MonthlyIncome_replaced_log', 'NumberOfDependents_replaced_log',
       'NPA Status_log_trim', 'RevolvingUtilizationOfUnsecuredLines_log_trim',
       'age_log_trim', 'NumberOfTime30-59DaysPastDueNotWorse_log_trim',
       'DebtRatio_log_trim', 'NumberOfOpenCreditLinesAndLoans_log_trim',
       'NumberOfTimes90DaysLate_log_trim',
       'NumberRealEstateLoansOrLines_log_trim',
       'NumberOfTime60-89DaysPastDueNotWorse_log_trim',
       'MonthlyIncome_replaced_log_trim',
       'NumberOfDependents_replaced_log_trim'],
      dtype='object') 
2025-09-22 11:13:18,468-INFO-After Succeessful trimming : Index(['NPA Status_log', 'RevolvingUtilizationOfUnsecuredLines_log', 'age_log',
       'NumberOfTime30-59DaysPastDueNotWorse_log', 'DebtRatio_log',
       'NumberOfOpenCreditLinesAndLoans_log', 'NumberOfTimes90DaysLate_log',
       'NumberRealEstateLoansOrLines_log',
       'NumberOfTime60-89DaysPastDueNotWorse_log',
       'MonthlyIncome_replaced_log', 'NumberOfDependents_replaced_log',
       'NPA Status_log_trim', 'RevolvingUtilizationOfUnsecuredLines_log_trim',
       'age_log_trim', 'NumberOfTime30-59DaysPastDueNotWorse_log_trim',
       'DebtRatio_log_trim', 'NumberOfOpenCreditLinesAndLoans_log_trim',
       'NumberOfTimes90DaysLate_log_trim',
       'NumberRealEstateLoansOrLines_log_trim',
       'NumberOfTime60-89DaysPastDueNotWorse_log_trim',
       'MonthlyIncome_replaced_log_trim',
       'NumberOfDependents_replaced_log_trim'],
      dtype='object')
2025-09-22 11:13:18,475-INFO-After Successfull trimming : Index(['NPA Status_log_trim', 'RevolvingUtilizationOfUnsecuredLines_log_trim',
       'age_log_trim', 'NumberOfTime30-59DaysPastDueNotWorse_log_trim',
       'DebtRatio_log_trim', 'NumberOfOpenCreditLinesAndLoans_log_trim',
       'NumberOfTimes90DaysLate_log_trim',
       'NumberRealEstateLoansOrLines_log_trim',
       'NumberOfTime60-89DaysPastDueNotWorse_log_trim',
       'MonthlyIncome_replaced_log_trim',
       'NumberOfDependents_replaced_log_trim'],
      dtype='object') 
2025-09-22 11:13:18,475-INFO-After Succeessful trimming : Index(['NPA Status_log_trim', 'RevolvingUtilizationOfUnsecuredLines_log_trim',
       'age_log_trim', 'NumberOfTime30-59DaysPastDueNotWorse_log_trim',
       'DebtRatio_log_trim', 'NumberOfOpenCreditLinesAndLoans_log_trim',
       'NumberOfTimes90DaysLate_log_trim',
       'NumberRealEstateLoansOrLines_log_trim',
       'NumberOfTime60-89DaysPastDueNotWorse_log_trim',
       'MonthlyIncome_replaced_log_trim',
       'NumberOfDependents_replaced_log_trim'],
      dtype='object')
